<?xml version="1.0" encoding="utf-8"?><testsuites name="pytest tests"><testsuite name="pytest" errors="0" failures="0" skipped="0" tests="8" time="1.274" timestamp="2026-09-03T10:53:26.440652+00:00" hostname="agent-env-e6daa2a0-ea56-4847-9b90-440c9f2f5b0d"><testcase classname="tests.backend_test.TestContact" name="test_create_and_persist" time="0.448" /><testcase classname="tests.backend_test.TestHealth" name="test_root_api" time="0.305" /><testcase classname="tests.backend_test.TestContact" name="test_optional_fields_default_null" time="0.068" /><testcase classname="tests.backend_test.TestContact" name="test_invalid_payload_returns_422[payload0]" time="0.070" /><testcase classname="tests.backend_test.TestContact" name="test_invalid_payload_returns_422[payload1]" time="0.059" /><testcase classname="tests.backend_test.TestContact" name="test_invalid_payload_returns_422[payload2]" time="0.081" /><testcase classname="tests.backend_test.TestContact" name="test_invalid_payload_returns_422[payload3]" time="0.087" /><testcase classname="tests.backend_test.TestContact" name="test_invalid_payload_returns_422[payload4]" time="0.076" /></testsuite></testsuites>